# JRE version: Java(TM) SE Runtime Environment (17.0.10+11) (build 17.0.10+11-LTS-240)
# Java VM: Java HotSpot(TM) 64-Bit Server VM (17.0.10+11-LTS-240, mixed mode, sharing, tiered, compressed oops, compressed class ptrs, g1 gc, windows-amd64)
GC Precious Log:
 CPUs: 12 total, 12 available
 Memory: 16111M
 Large Page Support: Disabled
 NUMA Support: Disabled
 Compressed Oops: Enabled (32-bit)
 Heap Region Size: 1M
 Heap Min Capacity: 256M
 Heap Initial Capacity: 256M
 Heap Max Capacity: 512M
 Pre-touch: Disabled
 Parallel Workers: 10
 Concurrent Workers: 3
 Concurrent Refinement Workers: 10
 Periodic GC: Disabled
Heap:
 garbage-first heap   total 262144K, used 110661K [0x00000000e0000000, 0x0000000100000000)
  region size 1024K, 33 young (33792K), 11 survivors (11264K)
 Metaspace       used 59769K, committed 60544K, reserved 393216K
  class space    used 8201K, committed 8576K, reserved 327680K
GC Heap History (20 events):
Event: 12.808 GC heap before
{Heap before GC invocations=5 (full 0):
 garbage-first heap   total 262144K, used 143266K [0x00000000e0000000, 0x0000000100000000)
  region size 1024K, 125 young (128000K), 12 survivors (12288K)
 Metaspace       used 35567K, committed 35968K, reserved 393216K
  class space    used 4952K, committed 5184K, reserved 327680K
}
Event: 12.827 GC heap after
{Heap after GC invocations=6 (full 0):
 garbage-first heap   total 262144K, used 33040K [0x00000000e0000000, 0x0000000100000000)
  region size 1024K, 16 young (16384K), 16 survivors (16384K)
 Metaspace       used 35567K, committed 35968K, reserved 393216K
  class space    used 4952K, committed 5184K, reserved 327680K
}
Event: 17.314 GC heap before
{Heap before GC invocations=7 (full 0):
 garbage-first heap   total 262144K, used 174352K [0x00000000e0000000, 0x0000000100000000)
  region size 1024K, 153 young (156672K), 16 survivors (16384K)
 Metaspace       used 47850K, committed 48384K, reserved 393216K
  class space    used 6804K, committed 7040K, reserved 327680K
}
Event: 17.335 GC heap after
{Heap after GC invocations=8 (full 0):
 garbage-first heap   total 262144K, used 39462K [0x00000000e0000000, 0x0000000100000000)
  region size 1024K, 15 young (15360K), 15 survivors (15360K)
 Metaspace       used 47850K, committed 48384K, reserved 393216K
  class space    used 6804K, committed 7040K, reserved 327680K
}
Event: 22.273 GC heap before
{Heap before GC invocations=8 (full 0):
 garbage-first heap   total 262144K, used 180774K [0x00000000e0000000, 0x0000000100000000)
  region size 1024K, 153 young (156672K), 15 survivors (15360K)
 Metaspace       used 54005K, committed 54592K, reserved 393216K
  class space    used 7633K, committed 7936K, reserved 327680K
}
Event: 22.292 GC heap after
{Heap after GC invocations=9 (full 0):
 garbage-first heap   total 262144K, used 51215K [0x00000000e0000000, 0x0000000100000000)
  region size 1024K, 19 young (19456K), 19 survivors (19456K)
 Metaspace       used 54005K, committed 54592K, reserved 393216K
  class space    used 7633K, committed 7936K, reserved 327680K
}
Event: 26.523 GC heap before
{Heap before GC invocations=9 (full 0):
 garbage-first heap   total 262144K, used 188431K [0x00000000e0000000, 0x0000000100000000)
  region size 1024K, 153 young (156672K), 19 survivors (19456K)
 Metaspace       used 55108K, committed 55680K, reserved 393216K
  class space    used 7648K, committed 7936K, reserved 327680K
}
Event: 26.537 GC heap after
{Heap after GC invocations=10 (full 0):
 garbage-first heap   total 262144K, used 60176K [0x00000000e0000000, 0x0000000100000000)
  region size 1024K, 10 young (10240K), 10 survivors (10240K)
 Metaspace       used 55108K, committed 55680K, reserved 393216K
  class space    used 7648K, committed 7936K, reserved 327680K
}
Event: 55.363 GC heap before
{Heap before GC invocations=10 (full 0):
 garbage-first heap   total 262144K, used 200464K [0x00000000e0000000, 0x0000000100000000)
  region size 1024K, 148 young (151552K), 10 survivors (10240K)
 Metaspace       used 58738K, committed 59520K, reserved 393216K
  class space    used 8158K, committed 8512K, reserved 327680K
}
Event: 55.372 GC heap after
{Heap after GC invocations=11 (full 0):
 garbage-first heap   total 262144K, used 68610K [0x00000000e0000000, 0x0000000100000000)
  region size 1024K, 19 young (19456K), 19 survivors (19456K)
 Metaspace       used 58738K, committed 59520K, reserved 393216K
  class space    used 8158K, committed 8512K, reserved 327680K
}
Event: 76.557 GC heap before
{Heap before GC invocations=11 (full 0):
 garbage-first heap   total 262144K, used 200706K [0x00000000e0000000, 0x0000000100000000)
  region size 1024K, 148 young (151552K), 19 survivors (19456K)
 Metaspace       used 59381K, committed 60160K, reserved 393216K
  class space    used 8191K, committed 8576K, reserved 327680K
}
Event: 76.565 GC heap after
{Heap after GC invocations=12 (full 0):
 garbage-first heap   total 262144K, used 66770K [0x00000000e0000000, 0x0000000100000000)
  region size 1024K, 9 young (9216K), 9 survivors (9216K)
 Metaspace       used 59381K, committed 60160K, reserved 393216K
  class space    used 8191K, committed 8576K, reserved 327680K
}
Event: 76.729 GC heap before
{Heap before GC invocations=12 (full 0):
 garbage-first heap   total 262144K, used 75986K [0x00000000e0000000, 0x0000000100000000)
  region size 1024K, 19 young (19456K), 9 survivors (9216K)
 Metaspace       used 59388K, committed 60160K, reserved 393216K
  class space    used 8191K, committed 8576K, reserved 327680K
}
Event: 76.733 GC heap after
{Heap after GC invocations=13 (full 0):
 garbage-first heap   total 262144K, used 65600K [0x00000000e0000000, 0x0000000100000000)
  region size 1024K, 8 young (8192K), 8 survivors (8192K)
 Metaspace       used 59388K, committed 60160K, reserved 393216K
  class space    used 8191K, committed 8576K, reserved 327680K
}
Event: 82.318 GC heap before
{Heap before GC invocations=14 (full 0):
 garbage-first heap   total 262144K, used 205888K [0x00000000e0000000, 0x0000000100000000)
  region size 1024K, 145 young (148480K), 8 survivors (8192K)
 Metaspace       used 59582K, committed 60352K, reserved 393216K
  class space    used 8193K, committed 8576K, reserved 327680K
}
Event: 82.334 GC heap after
{Heap after GC invocations=15 (full 0):
 garbage-first heap   total 262144K, used 79974K [0x00000000e0000000, 0x0000000100000000)
  region size 1024K, 19 young (19456K), 19 survivors (19456K)
 Metaspace       used 59582K, committed 60352K, reserved 393216K
  class space    used 8193K, committed 8576K, reserved 327680K
}
Event: 82.366 GC heap before
{Heap before GC invocations=15 (full 0):
 garbage-first heap   total 262144K, used 80998K [0x00000000e0000000, 0x0000000100000000)
  region size 1024K, 20 young (20480K), 19 survivors (19456K)
 Metaspace       used 59583K, committed 60352K, reserved 393216K
  class space    used 8193K, committed 8576K, reserved 327680K
}
Event: 82.385 GC heap after
{Heap after GC invocations=16 (full 0):
 garbage-first heap   total 262144K, used 80522K [0x00000000e0000000, 0x0000000100000000)
  region size 1024K, 3 young (3072K), 3 survivors (3072K)
 Metaspace       used 59583K, committed 60352K, reserved 393216K
  class space    used 8193K, committed 8576K, reserved 327680K
}
Event: 102.165 GC heap before
{Heap before GC invocations=16 (full 0):
 garbage-first heap   total 262144K, used 202378K [0x00000000e0000000, 0x0000000100000000)
  region size 1024K, 122 young (124928K), 3 survivors (3072K)
 Metaspace       used 59765K, committed 60544K, reserved 393216K
  class space    used 8201K, committed 8576K, reserved 327680K
}
Event: 103.105 GC heap after
{Heap after GC invocations=17 (full 0):
 garbage-first heap   total 262144K, used 89157K [0x00000000e0000000, 0x0000000100000000)
  region size 1024K, 11 young (11264K), 11 survivors (11264K)
 Metaspace       used 59765K, committed 60544K, reserved 393216K
  class space    used 8201K, committed 8576K, reserved 327680K
}

